   Compiling the-third-sloppening v0.1.0 (/home/runner/work/the-third-sloppening/the-third-sloppening)
warning: struct `LineIndex` is never constructed
 --> src/core/line_index.rs:5:12
  |
5 | pub struct LineIndex {
  |            ^^^^^^^^^
  |
  = note: `#[warn(dead_code)]` (part of `#[warn(unused)]`) on by default

warning: associated items `build`, `line_count`, `line_start`, and `line_of_offset` are never used
  --> src/core/line_index.rs:10:12
   |
 9 | impl LineIndex {
   | -------------- associated items in this implementation
10 |     pub fn build(bytes: &[u8], chunk_size: usize) -> Self {
   |            ^^^^^
...
35 |     pub fn line_count(&self) -> usize {
   |            ^^^^^^^^^^
...
39 |     pub fn line_start(&self, line: usize) -> Option<usize> {
   |            ^^^^^^^^^^
...
43 |     pub fn line_of_offset(&self, offset: usize) -> usize {
   |            ^^^^^^^^^^^^^^

warning: variant `Owned` is never constructed
  --> src/core/mmap_buffer.rs:11:5
   |
 9 | pub enum Backing {
   |          ------- variant in this enum
10 |     Mapped(Mmap),
11 |     Owned(Vec<u8>),
   |     ^^^^^

warning: field `path` is never read
  --> src/core/mmap_buffer.rs:15:5
   |
14 | pub struct MmapBuffer {
   |            ---------- field in this struct
15 |     path: Option<PathBuf>,
   |     ^^^^

warning: associated items `from_bytes`, `path`, `len`, and `is_empty` are never used
  --> src/core/mmap_buffer.rs:31:12
   |
19 | impl MmapBuffer {
   | --------------- associated items in this implementation
...
31 |     pub fn from_bytes(bytes: Vec<u8>) -> Self {
   |            ^^^^^^^^^^
...
45 |     pub fn path(&self) -> Option<&Path> {
   |            ^^^^
...
49 |     pub fn len(&self) -> usize {
   |            ^^^
...
53 |     pub fn is_empty(&self) -> bool {
   |            ^^^^^^^^

warning: enum `BufferKind` is never used
 --> src/core/piece_tree.rs:6:6
  |
6 | enum BufferKind {
  |      ^^^^^^^^^^

warning: struct `Piece` is never constructed
  --> src/core/piece_tree.rs:12:8
   |
12 | struct Piece {
   |        ^^^^^

warning: struct `PieceTree` is never constructed
  --> src/core/piece_tree.rs:18:12
   |
18 | pub struct PieceTree {
   |            ^^^^^^^^^

warning: multiple associated items are never used
   --> src/core/piece_tree.rs:26:12
    |
 25 | impl PieceTree {
    | -------------- associated items in this implementation
 26 |     pub fn from_original(original: MmapBuffer) -> Self {
    |            ^^^^^^^^^^^^^
...
 46 |     pub fn len(&self) -> usize {
    |            ^^^
...
 50 |     pub fn is_empty(&self) -> bool {
    |            ^^^^^^^^
...
 54 |     pub fn insert(&mut self, offset: usize, bytes: &[u8]) {
    |            ^^^^^^
...
109 |     pub fn delete(&mut self, range: Range<usize>) {
    |            ^^^^^^
...
148 |     pub fn to_bytes(&self) -> Vec<u8> {
    |            ^^^^^^^^
...
156 |     pub fn visible_text(&self, start: usize, end: usize) -> Vec<u8> {
    |            ^^^^^^^^^^^^
...
181 |     fn resolve_piece(&self, piece: Piece) -> &[u8] {
    |        ^^^^^^^^^^^^^

warning: `the-third-sloppening` (bin "the-third-sloppening") generated 9 warnings
    Finished `dev` profile [unoptimized + debuginfo] target(s) in 2.68s
